{
  "reportSummary": {
    "testMethodsSummary": {
      "passed": 1,
      "failed": 2,
      "skipped": 0
    },
    "configurationMethodsSummary": {
      "passed": 0,
      "failed": 0,
      "skipped": 0
    }
  },
  "testMethods": [
    {
      "parameters": [
        "SimpleData{employeeId\u003dabc, employeeName\u003d\u0027a\u0027}"
      ],
      "suite": "Default Suite",
      "test": "SeLionTest",
      "packageInfo": "com.mycompany.test",
      "className": "AppTest",
      "methodName": "testDataProvider",
      "status": "Passed",
      "startTime": "2017-03-27T03:44:53.608+08:00",
      "endTime": "2017-03-27T03:44:53.677+08:00"
    },
    {
      "parameters": [
        "SimpleData{employeeId\u003defg, employeeName\u003d\u0027b\u0027}"
      ],
      "suite": "Default Suite",
      "test": "SeLionTest",
      "packageInfo": "com.mycompany.test",
      "className": "AppTest",
      "methodName": "testDataProvider",
      "status": "Failed",
      "startTime": "2017-03-27T03:44:53.682+08:00",
      "endTime": "2017-03-27T03:44:53.687+08:00",
      "exception": "class java.lang.AssertionError:expected [a] but found [b]",
      "stacktrace": "java.lang.AssertionError: expected [a] but found [b]\r\n\tat org.testng.Assert.fail(Assert.java:94)\r\n\tat org.testng.Assert.failNotEquals(Assert.java:513)\r\n\tat org.testng.Assert.assertEqualsImpl(Assert.java:135)\r\n\tat org.testng.Assert.assertEquals(Assert.java:116)\r\n\tat org.testng.Assert.assertEquals(Assert.java:190)\r\n\tat org.testng.Assert.assertEquals(Assert.java:200)\r\n\tat com.mycompany.test.AppTest.testDataProvider(AppTest.java:53)\r\n\tat sun.reflect.NativeMethodAccessorImpl.invoke0(Native Method)\r\n\tat sun.reflect.NativeMethodAccessorImpl.invoke(NativeMethodAccessorImpl.java:62)\r\n\tat sun.reflect.DelegatingMethodAccessorImpl.invoke(DelegatingMethodAccessorImpl.java:43)\r\n\tat java.lang.reflect.Method.invoke(Method.java:498)\r\n\tat org.testng.internal.MethodInvocationHelper.invokeMethod(MethodInvocationHelper.java:86)\r\n\tat org.testng.internal.Invoker.invokeMethod(Invoker.java:643)\r\n\tat org.testng.internal.Invoker.invokeTestMethod(Invoker.java:820)\r\n\tat org.testng.internal.Invoker.invokeTestMethods(Invoker.java:1128)\r\n\tat org.testng.internal.TestMethodWorker.invokeTestMethods(TestMethodWorker.java:129)\r\n\tat org.testng.internal.TestMethodWorker.run(TestMethodWorker.java:112)\r\n\tat org.testng.TestRunner.privateRun(TestRunner.java:782)\r\n\tat org.testng.TestRunner.run(TestRunner.java:632)\r\n\tat org.testng.SuiteRunner.runTest(SuiteRunner.java:366)\r\n\tat org.testng.SuiteRunner.runSequentially(SuiteRunner.java:361)\r\n\tat org.testng.SuiteRunner.privateRun(SuiteRunner.java:319)\r\n\tat org.testng.SuiteRunner.run(SuiteRunner.java:268)\r\n\tat org.testng.SuiteRunnerWorker.runSuite(SuiteRunnerWorker.java:52)\r\n\tat org.testng.SuiteRunnerWorker.run(SuiteRunnerWorker.java:86)\r\n\tat org.testng.TestNG.runSuitesSequentially(TestNG.java:1244)\r\n\tat org.testng.TestNG.runSuitesLocally(TestNG.java:1169)\r\n\tat org.testng.TestNG.run(TestNG.java:1064)\r\n\tat org.testng.IDEARemoteTestNG.run(IDEARemoteTestNG.java:72)\r\n\tat org.testng.RemoteTestNGStarter.main(RemoteTestNGStarter.java:124)\r\n\tat sun.reflect.NativeMethodAccessorImpl.invoke0(Native Method)\r\n\tat sun.reflect.NativeMethodAccessorImpl.invoke(NativeMethodAccessorImpl.java:62)\r\n\tat sun.reflect.DelegatingMethodAccessorImpl.invoke(DelegatingMethodAccessorImpl.java:43)\r\n\tat java.lang.reflect.Method.invoke(Method.java:498)\r\n\tat com.intellij.rt.execution.application.AppMain.main(AppMain.java:147)\r\n"
    },
    {
      "parameters": [
        "SimpleData{employeeId\u003ddeg, employeeName\u003d\u0027c\u0027}"
      ],
      "suite": "Default Suite",
      "test": "SeLionTest",
      "packageInfo": "com.mycompany.test",
      "className": "AppTest",
      "methodName": "testDataProvider",
      "status": "Failed",
      "startTime": "2017-03-27T03:44:53.700+08:00",
      "endTime": "2017-03-27T03:44:53.704+08:00",
      "exception": "class java.lang.AssertionError:expected [a] but found [c]",
      "stacktrace": "java.lang.AssertionError: expected [a] but found [c]\r\n\tat org.testng.Assert.fail(Assert.java:94)\r\n\tat org.testng.Assert.failNotEquals(Assert.java:513)\r\n\tat org.testng.Assert.assertEqualsImpl(Assert.java:135)\r\n\tat org.testng.Assert.assertEquals(Assert.java:116)\r\n\tat org.testng.Assert.assertEquals(Assert.java:190)\r\n\tat org.testng.Assert.assertEquals(Assert.java:200)\r\n\tat com.mycompany.test.AppTest.testDataProvider(AppTest.java:53)\r\n\tat sun.reflect.NativeMethodAccessorImpl.invoke0(Native Method)\r\n\tat sun.reflect.NativeMethodAccessorImpl.invoke(NativeMethodAccessorImpl.java:62)\r\n\tat sun.reflect.DelegatingMethodAccessorImpl.invoke(DelegatingMethodAccessorImpl.java:43)\r\n\tat java.lang.reflect.Method.invoke(Method.java:498)\r\n\tat org.testng.internal.MethodInvocationHelper.invokeMethod(MethodInvocationHelper.java:86)\r\n\tat org.testng.internal.Invoker.invokeMethod(Invoker.java:643)\r\n\tat org.testng.internal.Invoker.invokeTestMethod(Invoker.java:820)\r\n\tat org.testng.internal.Invoker.invokeTestMethods(Invoker.java:1128)\r\n\tat org.testng.internal.TestMethodWorker.invokeTestMethods(TestMethodWorker.java:129)\r\n\tat org.testng.internal.TestMethodWorker.run(TestMethodWorker.java:112)\r\n\tat org.testng.TestRunner.privateRun(TestRunner.java:782)\r\n\tat org.testng.TestRunner.run(TestRunner.java:632)\r\n\tat org.testng.SuiteRunner.runTest(SuiteRunner.java:366)\r\n\tat org.testng.SuiteRunner.runSequentially(SuiteRunner.java:361)\r\n\tat org.testng.SuiteRunner.privateRun(SuiteRunner.java:319)\r\n\tat org.testng.SuiteRunner.run(SuiteRunner.java:268)\r\n\tat org.testng.SuiteRunnerWorker.runSuite(SuiteRunnerWorker.java:52)\r\n\tat org.testng.SuiteRunnerWorker.run(SuiteRunnerWorker.java:86)\r\n\tat org.testng.TestNG.runSuitesSequentially(TestNG.java:1244)\r\n\tat org.testng.TestNG.runSuitesLocally(TestNG.java:1169)\r\n\tat org.testng.TestNG.run(TestNG.java:1064)\r\n\tat org.testng.IDEARemoteTestNG.run(IDEARemoteTestNG.java:72)\r\n\tat org.testng.RemoteTestNGStarter.main(RemoteTestNGStarter.java:124)\r\n\tat sun.reflect.NativeMethodAccessorImpl.invoke0(Native Method)\r\n\tat sun.reflect.NativeMethodAccessorImpl.invoke(NativeMethodAccessorImpl.java:62)\r\n\tat sun.reflect.DelegatingMethodAccessorImpl.invoke(DelegatingMethodAccessorImpl.java:43)\r\n\tat java.lang.reflect.Method.invoke(Method.java:498)\r\n\tat com.intellij.rt.execution.application.AppMain.main(AppMain.java:147)\r\n"
    }
  ],
  "configurationMethods": [],
  "configSummary": {
    "currentDate": "2017-03-27T03:44:53.237+08:00"
  },
  "localConfigSummary": [
    {
      "currentDate": "2017-03-27T03:44:53.418+08:00",
      "suite": "Default Suite",
      "test": "SeLionTest"
    }
  ],
  "reporterMetadata": {
    "currentDate": {
      "displayLabel": "Current Date"
    }
  }
}
